1682496228035	geckodriver	INFO	Listening on 127.0.0.1:53368
1682496231090	mozrunner::runner	INFO	Running command: "C:\\Program Files\\Mozilla Firefox\\firefox.exe" "--marionette" "--remote-debugging-port" "53369" "--remote-allow-hosts" "localhost" "-no-remote" "-profile" "C:\\Users\\RAVISI~1\\AppData\\Local\\Temp\\rust_mozprofilebbhhbM"
console.warn: services.settings: Ignoring preference override of remote settings server
console.warn: services.settings: Allow by setting MOZ_REMOTE_SETTINGS_DEVTOOLS=1 in the environment
1682496231611	Marionette	INFO	Marionette enabled
Dynamically enable window occlusion 0
1682496231619	Marionette	INFO	Listening on port 53377
Read port: 53377
WebDriver BiDi listening on ws://127.0.0.1:53369
1682496231867	RemoteAgent	WARN	TLS certificate errors will be ignored for this session
console.warn: SearchSettings: "get: No settings file exists, new profile?" (new NotFoundError("Could not open the file at C:\\Users\\RAVISI~1\\AppData\\Local\\Temp\\rust_mozprofilebbhhbM\\search.json.mozlz4", (void 0)))
[ERROR glean_core] Error setting metrics feature config: Json(Error("EOF while parsing a value", line: 1, column: 0))
DevTools listening on ws://127.0.0.1:53369/devtools/browser/57502670-5b79-497c-a526-59764cf6360b
console.warn: LoginRecipes: "Falling back to a synchronous message for: https://www.flipkart.com."
JavaScript warning: https://static-assets-web.flixcart.com/px/gNtTli3A/init.js, line 2: WEBGL_debug_renderer_info is deprecated in Firefox and will be removed. Please use RENDERER.
[Child 12584, MediaDecoderStateMachine #1] WARNING: 239c8baede0 Could not set cubeb stream name.: file /builds/worker/checkouts/gecko/dom/media/AudioStream.cpp:321
[Child 12584, MediaDecoderStateMachine #1] WARNING: 239c729e230 Could not set cubeb stream name.: file /builds/worker/checkouts/gecko/dom/media/AudioStream.cpp:321
[Child 12584, MediaDecoderStateMachine #1] WARNING: 239c683acd0 Could not set cubeb stream name.: file /builds/worker/checkouts/gecko/dom/media/AudioStream.cpp:321
[Child 12584, MediaDecoderStateMachine #1] WARNING: 239bfe049a0 Could not set cubeb stream name.: file /builds/worker/checkouts/gecko/dom/media/AudioStream.cpp:321
[Child 12584, MediaDecoderStateMachine #1] WARNING: 239c844d9b0 Could not set cubeb stream name.: file /builds/worker/checkouts/gecko/dom/media/AudioStream.cpp:321
[Child 12584, MediaDecoderStateMachine #1] WARNING: 239c7263bd0 Could not set cubeb stream name.: file /builds/worker/checkouts/gecko/dom/media/AudioStream.cpp:321
[Child 12584, MediaDecoderStateMachine #1] WARNING: 239c6df8560 Could not set cubeb stream name.: file /builds/worker/checkouts/gecko/dom/media/AudioStream.cpp:321
[Child 12584, MediaDecoderStateMachine #1] WARNING: 239c6921450 Could not set cubeb stream name.: file /builds/worker/checkouts/gecko/dom/media/AudioStream.cpp:321
JavaScript error: , line 0: TypeError: NetworkError when attempting to fetch resource.
JavaScript error: , line 0: TypeError: NetworkError when attempting to fetch resource.
JavaScript error: , line 0: TypeError: NetworkError when attempting to fetch resource.
JavaScript error: , line 0: TypeError: NetworkError when attempting to fetch resource.
JavaScript warning: https://pagead2.googlesyndication.com/bg/CJVz-q1y4QcI86kHGme05ne9YeJsi3pnNRBXtIEru_s.js line 2 > eval line 6125 > eval line 1 > eval line 1 > eval, line 1: WEBGL_debug_renderer_info is deprecated in Firefox and will be removed. Please use RENDERER.
JavaScript warning: https://pagead2.googlesyndication.com/bg/CJVz-q1y4QcI86kHGme05ne9YeJsi3pnNRBXtIEru_s.js line 2 > eval line 2910 > eval line 1 > eval line 1 > eval, line 1: WEBGL_debug_renderer_info is deprecated in Firefox and will be removed. Please use RENDERER.
JavaScript warning: https://pagead2.googlesyndication.com/bg/CJVz-q1y4QcI86kHGme05ne9YeJsi3pnNRBXtIEru_s.js line 2 > eval line 3898 > eval line 1 > eval line 1 > eval, line 1: WEBGL_debug_renderer_info is deprecated in Firefox and will be removed. Please use RENDERER.
console.warn: services.settings: Ignoring preference override of remote settings server
console.warn: services.settings: Allow by setting MOZ_REMOTE_SETTINGS_DEVTOOLS=1 in the environment
console.error: (new TypeError("lazy.AsyncShutdown.profileBeforeChange is undefined", "resource://services-settings/Database.sys.mjs", 599))
console.warn: services.settings: Ignoring preference override of remote settings server
console.warn: services.settings: Allow by setting MOZ_REMOTE_SETTINGS_DEVTOOLS=1 in the environment
console.error: (new TypeError("lazy.AsyncShutdown.profileBeforeChange is undefined", "resource://services-settings/Database.sys.mjs", 599))
[Parent 18268, IPC I/O Parent] WARNING: DuplicateHandle failed for handle 0 in TransferHandles: file /builds/worker/checkouts/gecko/ipc/chromium/src/chrome/common/ipc_channel_win.cc:777
[Child 12584, MediaDecoderStateMachine #1] WARNING: 239c6839350 Could not set cubeb stream name.: file /builds/worker/checkouts/gecko/dom/media/AudioStream.cpp:321
[Child 12584, MediaDecoderStateMachine #1] WARNING: 239c843d790 Could not set cubeb stream name.: file /builds/worker/checkouts/gecko/dom/media/AudioStream.cpp:321
[Child 12584, MediaDecoderStateMachine #1] WARNING: 239c688ede0 Could not set cubeb stream name.: file /builds/worker/checkouts/gecko/dom/media/AudioStream.cpp:321
JavaScript error: , line 0: TypeError: NetworkError when attempting to fetch resource.
JavaScript error: , line 0: TypeError: NetworkError when attempting to fetch resource.
JavaScript error: , line 0: TypeError: NetworkError when attempting to fetch resource.
JavaScript error: , line 0: TypeError: NetworkError when attempting to fetch resource.
JavaScript error: , line 0: TypeError: NetworkError when attempting to fetch resource.
1682496633128	Marionette	INFO	Stopped listening on port 53377
Dynamically enable window occlusion 1
!!! error running onStopped callback: TypeError: callback is not a function
console.error: (new Error("Data is not ready.", "resource://gre/modules/JSONFile.sys.mjs", 184))
Invalid port. Exiting...
Invalid port. Exiting...
Invalid port. Exiting...
